<?xml version="1.0" encoding="UTF-8"?>
<testng-results skipped="0" failed="0" total="1" passed="1">
  <reporter-output>
  </reporter-output>
  <suite name="Default suite" duration-ms="9106" started-at="2020-02-06T12:34:45Z" finished-at="2020-02-06T12:34:54Z">
    <groups>
      <group name="cucumber">
        <method signature="AbstractTestNGCucumberTests.feature(cucumber.api.testng.CucumberFeatureWrapper)[pri:0, instance:com.test.payments.acceptence.runner.TestRunner@5025a98f]" name="feature" class="cucumber.api.testng.AbstractTestNGCucumberTests"/>
      </group> <!-- cucumber -->
    </groups>
    <test name="Default test" duration-ms="9106" started-at="2020-02-06T12:34:45Z" finished-at="2020-02-06T12:34:54Z">
      <class name="com.test.payments.acceptence.runner.TestRunner">
        <test-method status="PASS" signature="setUpClass()[pri:0, instance:com.test.payments.acceptence.runner.TestRunner@5025a98f]" name="setUpClass" is-config="true" duration-ms="201" started-at="2020-02-06T18:04:45Z" finished-at="2020-02-06T18:04:45Z">
          <reporter-output>
          </reporter-output>
        </test-method> <!-- setUpClass -->
        <test-method status="PASS" signature="beforeAll()[pri:0, instance:com.test.payments.acceptence.runner.TestRunner@5025a98f]" name="beforeAll" is-config="true" duration-ms="3115" started-at="2020-02-06T18:04:45Z" finished-at="2020-02-06T18:04:48Z">
          <reporter-output>
          </reporter-output>
        </test-method> <!-- beforeAll -->
        <test-method status="PASS" signature="feature(cucumber.api.testng.CucumberFeatureWrapper)[pri:0, instance:com.test.payments.acceptence.runner.TestRunner@5025a98f]" name="feature" duration-ms="5010" started-at="2020-02-06T18:04:49Z" description="Runs Cucumber Feature" data-provider="features" finished-at="2020-02-06T18:04:54Z">
          <params>
            <param index="0">
              <value>
                <![CDATA[End to End scenario]]>
              </value>
            </param>
          </params>
          <reporter-output>
          </reporter-output>
        </test-method> <!-- feature -->
        <test-method status="PASS" signature="writeExtentReport()[pri:0, instance:com.test.payments.acceptence.runner.TestRunner@5025a98f]" name="writeExtentReport" is-config="true" duration-ms="372" started-at="2020-02-06T18:04:54Z" finished-at="2020-02-06T18:04:54Z">
          <reporter-output>
          </reporter-output>
        </test-method> <!-- writeExtentReport -->
        <test-method status="PASS" signature="tearDownClass()[pri:0, instance:com.test.payments.acceptence.runner.TestRunner@5025a98f]" name="tearDownClass" is-config="true" duration-ms="331" started-at="2020-02-06T18:04:54Z" finished-at="2020-02-06T18:04:54Z">
          <reporter-output>
          </reporter-output>
        </test-method> <!-- tearDownClass -->
      </class> <!-- com.test.payments.acceptence.runner.TestRunner -->
    </test> <!-- Default test -->
  </suite> <!-- Default suite -->
</testng-results>
