<?xml version="1.0" encoding="UTF-8"?>
<!-- Generated by org.testng.reporters.JUnitXMLReporter -->
<testsuite hostname="BLR2CSLP0121" name="Cucumber Tests" tests="3" failures="0" timestamp="9 Jul 2019 07:47:43 GMT" time="32.753" errors="0">
  <testcase name="feature" time="3.422" classname="com.test.fcc.acceptence.runner.runner"/>
  <testcase name="feature" time="2.445" classname="com.test.fcc.acceptence.runner.runner"/>
  <testcase name="feature" time="2.183" classname="com.test.fcc.acceptence.runner.runner"/>
</testsuite> <!-- Cucumber Tests -->
